
The following files have been resolved:
   org.eclipse.jetty.websocket:websocket-client:jar:9.4.9.v20180320:compile
   com.fasterxml.jackson.core:jackson-core:jar:2.6.3:compile
   org.jetbrains.kotlin:kotlin-stdlib:jar:1.2.30:compile
   org.eclipse.jetty:jetty-security:jar:9.4.9.v20180320:compile
   org.eclipse.jetty:jetty-webapp:jar:9.4.9.v20180320:compile
   org.eclipse.jetty.websocket:websocket-servlet:jar:9.4.9.v20180320:compile
   org.jetbrains.kotlin:kotlin-stdlib-jdk8:jar:1.2.30:compile
   org.eclipse.jetty.websocket:websocket-common:jar:9.4.9.v20180320:compile
   org.eclipse.jetty:jetty-xml:jar:9.4.9.v20180320:compile
   com.fasterxml.jackson.core:jackson-annotations:jar:2.6.0:compile
   org.eclipse.jetty:jetty-server:jar:9.4.9.v20180320:compile
   org.eclipse.jetty:jetty-servlet:jar:9.4.9.v20180320:compile
   org.hamcrest:hamcrest-core:jar:1.3:compile
   javax.servlet:javax.servlet-api:jar:3.1.0:compile
   io.javalin:javalin:jar:1.5.0:compile
   org.slf4j:slf4j-simple:jar:1.7.25:compile
   junit:junit:jar:4.12:compile
   org.slf4j:slf4j-api:jar:1.7.25:compile
   org.eclipse.jetty:jetty-util:jar:9.4.9.v20180320:compile
   org.eclipse.jetty:jetty-io:jar:9.4.9.v20180320:compile
   org.eclipse.jetty.websocket:websocket-server:jar:9.4.9.v20180320:compile
   org.eclipse.jetty:jetty-client:jar:9.4.9.v20180320:compile
   org.eclipse.jetty:jetty-http:jar:9.4.9.v20180320:compile
   org.eclipse.jetty.websocket:websocket-api:jar:9.4.9.v20180320:compile
   com.fasterxml.jackson.core:jackson-databind:jar:2.6.3:compile
   org.jetbrains.kotlin:kotlin-stdlib-jdk7:jar:1.2.30:compile
   org.jetbrains:annotations:jar:13.0:compile

